<?xml version="1.0" encoding="UTF-8"?>
<testng-results skipped="0" failed="0" ignored="0" total="3" passed="3">
  <reporter-output>
  </reporter-output>
  <suite name="Suite" duration-ms="123" started-at="2019-03-17T13:53:19Z" finished-at="2019-03-17T13:53:19Z">
    <groups>
    </groups>
    <test name="Test" duration-ms="123" started-at="2019-03-17T13:53:19Z" finished-at="2019-03-17T13:53:19Z">
      <class name="NewTest2">
        <test-method status="PASS" signature="f()[pri:0, instance:NewTest2@2133c8f8]" name="f" duration-ms="0" started-at="2019-03-17T13:53:19Z" finished-at="2019-03-17T13:53:19Z">
          <reporter-output>
          </reporter-output>
        </test-method> <!-- f -->
      </class> <!-- NewTest2 -->
      <class name="NewTest">
        <test-method status="PASS" signature="f2()[pri:0, instance:NewTest@49e4cb85]" name="f2" duration-ms="28" started-at="2019-03-17T13:53:19Z" finished-at="2019-03-17T13:53:19Z">
          <reporter-output>
          </reporter-output>
        </test-method> <!-- f2 -->
        <test-method status="PASS" signature="f3()[pri:0, instance:NewTest@49e4cb85]" name="f3" duration-ms="0" started-at="2019-03-17T13:53:19Z" finished-at="2019-03-17T13:53:19Z">
          <reporter-output>
          </reporter-output>
        </test-method> <!-- f3 -->
      </class> <!-- NewTest -->
    </test> <!-- Test -->
  </suite> <!-- Suite -->
</testng-results>
